[2025-12-01T22:00:14.402+0000] {local_task_job_runner.py:120} INFO - ::group::Pre task execution logs
[2025-12-01T22:00:14.415+0000] {taskinstance.py:2076} INFO - Dependencies all met for dep_context=non-requeueable deps ti=<TaskInstance: Airflow_Wholesale_Customers.load_model_task manual__2025-12-01T22:00:08.259675+00:00 [queued]>
[2025-12-01T22:00:14.420+0000] {taskinstance.py:2076} INFO - Dependencies all met for dep_context=requeueable deps ti=<TaskInstance: Airflow_Wholesale_Customers.load_model_task manual__2025-12-01T22:00:08.259675+00:00 [queued]>
[2025-12-01T22:00:14.420+0000] {taskinstance.py:2306} INFO - Starting attempt 1 of 1
[2025-12-01T22:00:14.425+0000] {taskinstance.py:2330} INFO - Executing <Task(PythonOperator): load_model_task> on 2025-12-01 22:00:08.259675+00:00
[2025-12-01T22:00:14.428+0000] {warnings.py:112} WARNING - /home/***/.local/lib/python3.12/site-packages/***/task/task_runner/standard_task_runner.py:61: DeprecationWarning: This process (pid=2054) is multi-threaded, use of fork() may lead to deadlocks in the child.
  pid = os.fork()

[2025-12-01T22:00:14.429+0000] {standard_task_runner.py:63} INFO - Started process 2066 to run task
[2025-12-01T22:00:14.429+0000] {standard_task_runner.py:90} INFO - Running: ['***', 'tasks', 'run', 'Airflow_Wholesale_Customers', 'load_model_task', 'manual__2025-12-01T22:00:08.259675+00:00', '--job-id', '16', '--raw', '--subdir', 'DAGS_FOLDER/***.py', '--cfg-path', '/tmp/tmp5_w0j44v']
[2025-12-01T22:00:14.430+0000] {standard_task_runner.py:91} INFO - Job 16: Subtask load_model_task
[2025-12-01T22:00:14.449+0000] {task_command.py:426} INFO - Running <TaskInstance: Airflow_Wholesale_Customers.load_model_task manual__2025-12-01T22:00:08.259675+00:00 [running]> on host 2825e798861d
[2025-12-01T22:00:14.479+0000] {taskinstance.py:2648} INFO - Exporting env vars: AIRFLOW_CTX_DAG_OWNER='Shivakumar Hassan Lokesh' AIRFLOW_CTX_DAG_ID='Airflow_Wholesale_Customers' AIRFLOW_CTX_TASK_ID='load_model_task' AIRFLOW_CTX_EXECUTION_DATE='2025-12-01T22:00:08.259675+00:00' AIRFLOW_CTX_TRY_NUMBER='1' AIRFLOW_CTX_DAG_RUN_ID='manual__2025-12-01T22:00:08.259675+00:00'
[2025-12-01T22:00:14.480+0000] {taskinstance.py:430} INFO - ::endgroup::
[2025-12-01T22:00:14.486+0000] {logging_mixin.py:188} INFO - Optimal number of clusters (Elbow Method): 5
[2025-12-01T22:00:14.486+0000] {python.py:237} INFO - Done. Returned value was: 5
[2025-12-01T22:00:14.486+0000] {taskinstance.py:441} INFO - ::group::Post task execution logs
[2025-12-01T22:00:14.494+0000] {taskinstance.py:1206} INFO - Marking task as SUCCESS. dag_id=Airflow_Wholesale_Customers, task_id=load_model_task, run_id=manual__2025-12-01T22:00:08.259675+00:00, execution_date=20251201T220008, start_date=20251201T220014, end_date=20251201T220014
[2025-12-01T22:00:14.528+0000] {local_task_job_runner.py:240} INFO - Task exited with return code 0
[2025-12-01T22:00:14.534+0000] {taskinstance.py:3503} INFO - 0 downstream tasks scheduled from follow-on schedule check
[2025-12-01T22:00:14.535+0000] {local_task_job_runner.py:222} INFO - ::endgroup::
