[2025-12-01T21:53:55.944+0000] {local_task_job_runner.py:120} INFO - ::group::Pre task execution logs
[2025-12-01T21:53:55.952+0000] {taskinstance.py:2076} INFO - Dependencies all met for dep_context=non-requeueable deps ti=<TaskInstance: Airflow_Wholesale_Customers.load_data_task manual__2025-12-01T21:53:53.473939+00:00 [queued]>
[2025-12-01T21:53:55.954+0000] {taskinstance.py:2076} INFO - Dependencies all met for dep_context=requeueable deps ti=<TaskInstance: Airflow_Wholesale_Customers.load_data_task manual__2025-12-01T21:53:53.473939+00:00 [queued]>
[2025-12-01T21:53:55.955+0000] {taskinstance.py:2306} INFO - Starting attempt 1 of 1
[2025-12-01T21:53:55.958+0000] {taskinstance.py:2330} INFO - Executing <Task(PythonOperator): load_data_task> on 2025-12-01 21:53:53.473939+00:00
[2025-12-01T21:53:55.963+0000] {warnings.py:112} WARNING - /home/***/.local/lib/python3.12/site-packages/***/task/task_runner/standard_task_runner.py:61: DeprecationWarning: This process (pid=131) is multi-threaded, use of fork() may lead to deadlocks in the child.
  pid = os.fork()

[2025-12-01T21:53:55.964+0000] {standard_task_runner.py:63} INFO - Started process 143 to run task
[2025-12-01T21:53:55.964+0000] {standard_task_runner.py:90} INFO - Running: ['***', 'tasks', 'run', 'Airflow_Wholesale_Customers', 'load_data_task', 'manual__2025-12-01T21:53:53.473939+00:00', '--job-id', '9', '--raw', '--subdir', 'DAGS_FOLDER/***.py', '--cfg-path', '/tmp/tmp9uazazgu']
[2025-12-01T21:53:55.965+0000] {standard_task_runner.py:91} INFO - Job 9: Subtask load_data_task
[2025-12-01T21:53:55.987+0000] {task_command.py:426} INFO - Running <TaskInstance: Airflow_Wholesale_Customers.load_data_task manual__2025-12-01T21:53:53.473939+00:00 [running]> on host bfdd9584a181
[2025-12-01T21:53:56.013+0000] {taskinstance.py:2648} INFO - Exporting env vars: AIRFLOW_CTX_DAG_OWNER='Shivakumar Hassan Lokesh' AIRFLOW_CTX_DAG_ID='Airflow_Wholesale_Customers' AIRFLOW_CTX_TASK_ID='load_data_task' AIRFLOW_CTX_EXECUTION_DATE='2025-12-01T21:53:53.473939+00:00' AIRFLOW_CTX_TRY_NUMBER='1' AIRFLOW_CTX_DAG_RUN_ID='manual__2025-12-01T21:53:53.473939+00:00'
[2025-12-01T21:53:56.014+0000] {taskinstance.py:430} INFO - ::endgroup::
[2025-12-01T21:53:56.025+0000] {logging_mixin.py:188} INFO - We are here
[2025-12-01T21:53:56.026+0000] {taskinstance.py:441} INFO - ::group::Post task execution logs
[2025-12-01T21:53:56.026+0000] {taskinstance.py:2905} ERROR - Task failed with exception
Traceback (most recent call last):
  File "/home/airflow/.local/lib/python3.12/site-packages/airflow/models/taskinstance.py", line 465, in _execute_task
    result = _execute_callable(context=context, **execute_callable_kwargs)
             ^^^^^^^^^^^^^^^^^^^^^^^^^^^^^^^^^^^^^^^^^^^^^^^^^^^^^^^^^^^^^
  File "/home/airflow/.local/lib/python3.12/site-packages/airflow/models/taskinstance.py", line 432, in _execute_callable
    return execute_callable(context=context, **execute_callable_kwargs)
           ^^^^^^^^^^^^^^^^^^^^^^^^^^^^^^^^^^^^^^^^^^^^^^^^^^^^^^^^^^^^
  File "/home/airflow/.local/lib/python3.12/site-packages/airflow/models/baseoperator.py", line 401, in wrapper
    return func(self, *args, **kwargs)
           ^^^^^^^^^^^^^^^^^^^^^^^^^^^
  File "/home/airflow/.local/lib/python3.12/site-packages/airflow/operators/python.py", line 235, in execute
    return_value = self.execute_callable()
                   ^^^^^^^^^^^^^^^^^^^^^^^
  File "/home/airflow/.local/lib/python3.12/site-packages/airflow/operators/python.py", line 252, in execute_callable
    return self.python_callable(*self.op_args, **self.op_kwargs)
           ^^^^^^^^^^^^^^^^^^^^^^^^^^^^^^^^^^^^^^^^^^^^^^^^^^^^^
  File "/opt/airflow/dags/src/lab.py", line 16, in load_data
    df = pd.read_csv(os.path.join(os.path.dirname(__file__), "../data/file.csv"))
         ^^^^^^^^^^^^^^^^^^^^^^^^^^^^^^^^^^^^^^^^^^^^^^^^^^^^^^^^^^^^^^^^^^^^^^^^
  File "/home/airflow/.local/lib/python3.12/site-packages/pandas/io/parsers/readers.py", line 948, in read_csv
    return _read(filepath_or_buffer, kwds)
           ^^^^^^^^^^^^^^^^^^^^^^^^^^^^^^^
  File "/home/airflow/.local/lib/python3.12/site-packages/pandas/io/parsers/readers.py", line 611, in _read
    parser = TextFileReader(filepath_or_buffer, **kwds)
             ^^^^^^^^^^^^^^^^^^^^^^^^^^^^^^^^^^^^^^^^^^
  File "/home/airflow/.local/lib/python3.12/site-packages/pandas/io/parsers/readers.py", line 1448, in __init__
    self._engine = self._make_engine(f, self.engine)
                   ^^^^^^^^^^^^^^^^^^^^^^^^^^^^^^^^^
  File "/home/airflow/.local/lib/python3.12/site-packages/pandas/io/parsers/readers.py", line 1705, in _make_engine
    self.handles = get_handle(
                   ^^^^^^^^^^^
  File "/home/airflow/.local/lib/python3.12/site-packages/pandas/io/common.py", line 863, in get_handle
    handle = open(
             ^^^^^
FileNotFoundError: [Errno 2] No such file or directory: '/opt/airflow/dags/src/../data/file.csv'
[2025-12-01T21:53:56.030+0000] {taskinstance.py:1206} INFO - Marking task as FAILED. dag_id=Airflow_Wholesale_Customers, task_id=load_data_task, run_id=manual__2025-12-01T21:53:53.473939+00:00, execution_date=20251201T215353, start_date=20251201T215355, end_date=20251201T215356
[2025-12-01T21:53:56.034+0000] {standard_task_runner.py:110} ERROR - Failed to execute job 9 for task load_data_task ([Errno 2] No such file or directory: '/opt/airflow/dags/src/../data/file.csv'; 143)
[2025-12-01T21:53:56.062+0000] {local_task_job_runner.py:240} INFO - Task exited with return code 1
[2025-12-01T21:53:56.070+0000] {taskinstance.py:3503} INFO - 0 downstream tasks scheduled from follow-on schedule check
[2025-12-01T21:53:56.071+0000] {local_task_job_runner.py:222} INFO - ::endgroup::
