[2025-12-01T21:23:45.093+0000] {manager.py:470} INFO - Processing files using up to 2 processes at a time 
[2025-12-01T21:23:45.096+0000] {manager.py:471} INFO - Process each file at most once every 30 seconds
[2025-12-01T21:23:45.096+0000] {manager.py:472} INFO - Checking for new files in /opt/airflow/dags every 300 seconds
[2025-12-01T21:23:45.097+0000] {manager.py:737} INFO - Searching for files in /opt/airflow/dags
[2025-12-01T21:23:45.102+0000] {manager.py:740} INFO - There are 1 files in /opt/airflow/dags
[2025-12-01T21:23:45.150+0000] {manager.py:878} INFO - 
================================================================================
DAG File Processing Stats

File Path                       PID  Runtime      # DAGs    # Errors  Last Runtime    Last Run
----------------------------  -----  ---------  --------  ----------  --------------  ----------
/opt/airflow/dags/airflow.py     39  0.03s             0           0
================================================================================
[2025-12-01T21:24:15.334+0000] {manager.py:878} INFO - 
================================================================================
DAG File Processing Stats

File Path                       PID  Runtime      # DAGs    # Errors  Last Runtime    Last Run
----------------------------  -----  ---------  --------  ----------  --------------  -------------------
/opt/airflow/dags/airflow.py     46  0.00s             0           1  0.04s           2025-12-01T21:23:45
================================================================================
[2025-12-01T21:24:45.617+0000] {manager.py:878} INFO - 
================================================================================
DAG File Processing Stats

File Path                       PID  Runtime      # DAGs    # Errors  Last Runtime    Last Run
----------------------------  -----  ---------  --------  ----------  --------------  -------------------
/opt/airflow/dags/airflow.py     53  0.00s             0           1  0.06s           2025-12-01T21:24:15
================================================================================
[2025-12-01T21:25:15.859+0000] {manager.py:878} INFO - 
================================================================================
DAG File Processing Stats

File Path                       PID  Runtime      # DAGs    # Errors  Last Runtime    Last Run
----------------------------  -----  ---------  --------  ----------  --------------  -------------------
/opt/airflow/dags/airflow.py     60  0.01s             0           1  0.05s           2025-12-01T21:24:45
================================================================================
[2025-12-01T21:25:46.078+0000] {manager.py:878} INFO - 
================================================================================
DAG File Processing Stats

File Path                       PID  Runtime      # DAGs    # Errors  Last Runtime    Last Run
----------------------------  -----  ---------  --------  ----------  --------------  -------------------
/opt/airflow/dags/airflow.py     67  0.00s             0           1  0.08s           2025-12-01T21:25:15
================================================================================
[2025-12-01T21:26:16.307+0000] {manager.py:878} INFO - 
================================================================================
DAG File Processing Stats

File Path                       PID  Runtime      # DAGs    # Errors  Last Runtime    Last Run
----------------------------  -----  ---------  --------  ----------  --------------  -------------------
/opt/airflow/dags/airflow.py     74  0.00s             0           1  0.03s           2025-12-01T21:25:46
================================================================================
[2025-12-01T21:26:46.537+0000] {manager.py:878} INFO - 
================================================================================
DAG File Processing Stats

File Path                       PID  Runtime      # DAGs    # Errors  Last Runtime    Last Run
----------------------------  -----  ---------  --------  ----------  --------------  -------------------
/opt/airflow/dags/airflow.py     81  0.00s             0           1  0.05s           2025-12-01T21:26:16
================================================================================
[2025-12-01T21:27:16.762+0000] {manager.py:878} INFO - 
================================================================================
DAG File Processing Stats

File Path                       PID  Runtime      # DAGs    # Errors  Last Runtime    Last Run
----------------------------  -----  ---------  --------  ----------  --------------  -------------------
/opt/airflow/dags/airflow.py     88  0.00s             0           1  0.04s           2025-12-01T21:26:46
================================================================================
[2025-12-01T21:27:47.009+0000] {manager.py:878} INFO - 
================================================================================
DAG File Processing Stats

File Path                       PID  Runtime      # DAGs    # Errors  Last Runtime    Last Run
----------------------------  -----  ---------  --------  ----------  --------------  -------------------
/opt/airflow/dags/airflow.py     95  0.01s             0           1  0.03s           2025-12-01T21:27:16
================================================================================
[2025-12-01T21:28:17.271+0000] {manager.py:878} INFO - 
================================================================================
DAG File Processing Stats

File Path                       PID  Runtime      # DAGs    # Errors  Last Runtime    Last Run
----------------------------  -----  ---------  --------  ----------  --------------  -------------------
/opt/airflow/dags/airflow.py    108  0.00s             0           1  0.04s           2025-12-01T21:27:47
================================================================================
[2025-12-01T21:28:45.520+0000] {manager.py:737} INFO - Searching for files in /opt/airflow/dags
[2025-12-01T21:28:45.533+0000] {manager.py:740} INFO - There are 1 files in /opt/airflow/dags
[2025-12-01T21:28:47.566+0000] {manager.py:878} INFO - 
================================================================================
DAG File Processing Stats

File Path                     PID    Runtime      # DAGs    # Errors  Last Runtime    Last Run
----------------------------  -----  ---------  --------  ----------  --------------  -------------------
/opt/airflow/dags/airflow.py                           0           1  0.06s           2025-12-01T21:28:35
================================================================================
[2025-12-01T21:29:17.802+0000] {manager.py:878} INFO - 
================================================================================
DAG File Processing Stats

File Path                     PID    Runtime      # DAGs    # Errors  Last Runtime    Last Run
----------------------------  -----  ---------  --------  ----------  --------------  -------------------
/opt/airflow/dags/airflow.py                           0           1  0.04s           2025-12-01T21:29:05
================================================================================
[2025-12-01T21:29:48.044+0000] {manager.py:878} INFO - 
================================================================================
DAG File Processing Stats

File Path                     PID    Runtime      # DAGs    # Errors  Last Runtime    Last Run
----------------------------  -----  ---------  --------  ----------  --------------  -------------------
/opt/airflow/dags/airflow.py                           0           1  0.05s           2025-12-01T21:29:35
================================================================================
[2025-12-01T21:29:59.326+0000] {manager.py:452} INFO - Exiting gracefully upon receiving signal 15
[2025-12-01T21:30:35.179+0000] {manager.py:470} INFO - Processing files using up to 2 processes at a time 
[2025-12-01T21:30:35.180+0000] {manager.py:471} INFO - Process each file at most once every 30 seconds
[2025-12-01T21:30:35.180+0000] {manager.py:472} INFO - Checking for new files in /opt/airflow/dags every 300 seconds
[2025-12-01T21:30:35.180+0000] {manager.py:737} INFO - Searching for files in /opt/airflow/dags
[2025-12-01T21:30:35.184+0000] {manager.py:740} INFO - There are 1 files in /opt/airflow/dags
[2025-12-01T21:30:35.217+0000] {manager.py:878} INFO - 
================================================================================
DAG File Processing Stats

File Path                       PID  Runtime      # DAGs    # Errors  Last Runtime    Last Run
----------------------------  -----  ---------  --------  ----------  --------------  ----------
/opt/airflow/dags/airflow.py     39  0.02s             0           0
================================================================================
[2025-12-01T21:31:05.382+0000] {manager.py:878} INFO - 
================================================================================
DAG File Processing Stats

File Path                       PID  Runtime      # DAGs    # Errors  Last Runtime    Last Run
----------------------------  -----  ---------  --------  ----------  --------------  -------------------
/opt/airflow/dags/airflow.py     46  0.00s             0           1  0.04s           2025-12-01T21:30:35
================================================================================
[2025-12-01T21:31:35.610+0000] {manager.py:878} INFO - 
================================================================================
DAG File Processing Stats

File Path                       PID  Runtime      # DAGs    # Errors  Last Runtime    Last Run
----------------------------  -----  ---------  --------  ----------  --------------  -------------------
/opt/airflow/dags/airflow.py     53  0.00s             0           1  0.03s           2025-12-01T21:31:05
================================================================================
[2025-12-01T21:32:05.832+0000] {manager.py:878} INFO - 
================================================================================
DAG File Processing Stats

File Path                       PID  Runtime      # DAGs    # Errors  Last Runtime    Last Run
----------------------------  -----  ---------  --------  ----------  --------------  -------------------
/opt/airflow/dags/airflow.py     60  0.01s             0           1  0.02s           2025-12-01T21:31:35
================================================================================
[2025-12-01T21:32:36.063+0000] {manager.py:878} INFO - 
================================================================================
DAG File Processing Stats

File Path                       PID  Runtime      # DAGs    # Errors  Last Runtime    Last Run
----------------------------  -----  ---------  --------  ----------  --------------  -------------------
/opt/airflow/dags/airflow.py     67  0.01s             0           1  0.07s           2025-12-01T21:32:05
================================================================================
[2025-12-01T21:33:06.292+0000] {manager.py:878} INFO - 
================================================================================
DAG File Processing Stats

File Path                       PID  Runtime      # DAGs    # Errors  Last Runtime    Last Run
----------------------------  -----  ---------  --------  ----------  --------------  -------------------
/opt/airflow/dags/airflow.py     74  0.01s             0           1  0.04s           2025-12-01T21:32:36
================================================================================
[2025-12-01T21:33:36.494+0000] {manager.py:878} INFO - 
================================================================================
DAG File Processing Stats

File Path                       PID  Runtime      # DAGs    # Errors  Last Runtime    Last Run
----------------------------  -----  ---------  --------  ----------  --------------  -------------------
/opt/airflow/dags/airflow.py     81  0.00s             0           1  0.04s           2025-12-01T21:33:06
================================================================================
[2025-12-01T21:34:06.742+0000] {manager.py:878} INFO - 
================================================================================
DAG File Processing Stats

File Path                       PID  Runtime      # DAGs    # Errors  Last Runtime    Last Run
----------------------------  -----  ---------  --------  ----------  --------------  -------------------
/opt/airflow/dags/airflow.py     88  0.01s             0           1  0.03s           2025-12-01T21:33:36
================================================================================
[2025-12-01T21:34:36.992+0000] {manager.py:878} INFO - 
================================================================================
DAG File Processing Stats

File Path                       PID  Runtime      # DAGs    # Errors  Last Runtime    Last Run
----------------------------  -----  ---------  --------  ----------  --------------  -------------------
/opt/airflow/dags/airflow.py     95  0.01s             0           1  0.04s           2025-12-01T21:34:06
================================================================================
[2025-12-01T21:35:07.268+0000] {manager.py:878} INFO - 
================================================================================
DAG File Processing Stats

File Path                       PID  Runtime      # DAGs    # Errors  Last Runtime    Last Run
----------------------------  -----  ---------  --------  ----------  --------------  -------------------
/opt/airflow/dags/airflow.py    102  0.01s             0           1  0.04s           2025-12-01T21:34:37
================================================================================
[2025-12-01T21:35:35.525+0000] {manager.py:737} INFO - Searching for files in /opt/airflow/dags
[2025-12-01T21:35:35.532+0000] {manager.py:740} INFO - There are 1 files in /opt/airflow/dags
[2025-12-01T21:35:37.567+0000] {manager.py:878} INFO - 
================================================================================
DAG File Processing Stats

File Path                       PID  Runtime      # DAGs    # Errors  Last Runtime    Last Run
----------------------------  -----  ---------  --------  ----------  --------------  -------------------
/opt/airflow/dags/airflow.py    109  0.01s             0           1  0.04s           2025-12-01T21:35:07
================================================================================
[2025-12-01T21:36:07.820+0000] {manager.py:878} INFO - 
================================================================================
DAG File Processing Stats

File Path                       PID  Runtime      # DAGs    # Errors  Last Runtime    Last Run
----------------------------  -----  ---------  --------  ----------  --------------  -------------------
/opt/airflow/dags/airflow.py    122  0.00s             0           1  0.04s           2025-12-01T21:35:37
================================================================================
[2025-12-01T21:36:38.101+0000] {manager.py:878} INFO - 
================================================================================
DAG File Processing Stats

File Path                       PID  Runtime      # DAGs    # Errors  Last Runtime    Last Run
----------------------------  -----  ---------  --------  ----------  --------------  -------------------
/opt/airflow/dags/airflow.py    129  0.00s             0           1  0.02s           2025-12-01T21:36:07
================================================================================
[2025-12-01T21:37:08.359+0000] {manager.py:878} INFO - 
================================================================================
DAG File Processing Stats

File Path                       PID  Runtime      # DAGs    # Errors  Last Runtime    Last Run
----------------------------  -----  ---------  --------  ----------  --------------  -------------------
/opt/airflow/dags/airflow.py    136  0.01s             0           1  0.05s           2025-12-01T21:36:38
================================================================================
[2025-12-01T21:37:38.587+0000] {manager.py:878} INFO - 
================================================================================
DAG File Processing Stats

File Path                       PID  Runtime      # DAGs    # Errors  Last Runtime    Last Run
----------------------------  -----  ---------  --------  ----------  --------------  -------------------
/opt/airflow/dags/airflow.py    143  0.00s             0           1  0.04s           2025-12-01T21:37:08
================================================================================
[2025-12-01T21:38:08.835+0000] {manager.py:878} INFO - 
================================================================================
DAG File Processing Stats

File Path                       PID  Runtime      # DAGs    # Errors  Last Runtime    Last Run
----------------------------  -----  ---------  --------  ----------  --------------  -------------------
/opt/airflow/dags/airflow.py    150  0.00s             0           1  0.04s           2025-12-01T21:37:38
================================================================================
[2025-12-01T21:38:39.110+0000] {manager.py:878} INFO - 
================================================================================
DAG File Processing Stats

File Path                       PID  Runtime      # DAGs    # Errors  Last Runtime    Last Run
----------------------------  -----  ---------  --------  ----------  --------------  -------------------
/opt/airflow/dags/airflow.py    157  0.01s             0           1  0.05s           2025-12-01T21:38:08
================================================================================
[2025-12-01T21:39:09.390+0000] {manager.py:878} INFO - 
================================================================================
DAG File Processing Stats

File Path                       PID  Runtime      # DAGs    # Errors  Last Runtime    Last Run
----------------------------  -----  ---------  --------  ----------  --------------  -------------------
/opt/airflow/dags/airflow.py    164  0.01s             0           1  0.04s           2025-12-01T21:38:39
================================================================================
[2025-12-01T21:39:39.677+0000] {manager.py:878} INFO - 
================================================================================
DAG File Processing Stats

File Path                       PID  Runtime      # DAGs    # Errors  Last Runtime    Last Run
----------------------------  -----  ---------  --------  ----------  --------------  -------------------
/opt/airflow/dags/airflow.py    171  0.00s             0           1  0.05s           2025-12-01T21:39:09
================================================================================
[2025-12-01T21:40:09.945+0000] {manager.py:878} INFO - 
================================================================================
DAG File Processing Stats

File Path                       PID  Runtime      # DAGs    # Errors  Last Runtime    Last Run
----------------------------  -----  ---------  --------  ----------  --------------  -------------------
/opt/airflow/dags/airflow.py    178  0.00s             0           1  0.04s           2025-12-01T21:39:39
================================================================================
[2025-12-01T21:40:36.153+0000] {manager.py:737} INFO - Searching for files in /opt/airflow/dags
[2025-12-01T21:40:36.164+0000] {manager.py:740} INFO - There are 1 files in /opt/airflow/dags
[2025-12-01T21:40:40.216+0000] {manager.py:878} INFO - 
================================================================================
DAG File Processing Stats

File Path                       PID  Runtime      # DAGs    # Errors  Last Runtime    Last Run
----------------------------  -----  ---------  --------  ----------  --------------  -------------------
/opt/airflow/dags/airflow.py    185  0.00s             0           1  0.04s           2025-12-01T21:40:09
================================================================================
[2025-12-01T21:41:10.465+0000] {manager.py:878} INFO - 
================================================================================
DAG File Processing Stats

File Path                     PID    Runtime      # DAGs    # Errors  Last Runtime    Last Run
----------------------------  -----  ---------  --------  ----------  --------------  -------------------
/opt/airflow/dags/airflow.py                           0           1  0.71s           2025-12-01T21:40:59
================================================================================
[2025-12-01T21:41:11.103+0000] {manager.py:452} INFO - Exiting gracefully upon receiving signal 15
[2025-12-01T21:41:42.484+0000] {manager.py:470} INFO - Processing files using up to 2 processes at a time 
[2025-12-01T21:41:42.485+0000] {manager.py:471} INFO - Process each file at most once every 30 seconds
[2025-12-01T21:41:42.485+0000] {manager.py:472} INFO - Checking for new files in /opt/airflow/dags every 300 seconds
[2025-12-01T21:41:42.485+0000] {manager.py:737} INFO - Searching for files in /opt/airflow/dags
[2025-12-01T21:41:42.492+0000] {manager.py:740} INFO - There are 1 files in /opt/airflow/dags
[2025-12-01T21:41:42.542+0000] {manager.py:878} INFO - 
================================================================================
DAG File Processing Stats

File Path                       PID  Runtime      # DAGs    # Errors  Last Runtime    Last Run
----------------------------  -----  ---------  --------  ----------  --------------  ----------
/opt/airflow/dags/airflow.py     40  0.02s             0           0
================================================================================
[2025-12-01T21:42:12.623+0000] {manager.py:878} INFO - 
================================================================================
DAG File Processing Stats

File Path                     PID    Runtime      # DAGs    # Errors  Last Runtime    Last Run
----------------------------  -----  ---------  --------  ----------  --------------  -------------------
/opt/airflow/dags/airflow.py                           0           1  0.87s           2025-12-01T21:41:43
================================================================================
[2025-12-01T21:42:42.911+0000] {manager.py:878} INFO - 
================================================================================
DAG File Processing Stats

File Path                     PID    Runtime      # DAGs    # Errors  Last Runtime    Last Run
----------------------------  -----  ---------  --------  ----------  --------------  -------------------
/opt/airflow/dags/airflow.py                           0           1  0.20s           2025-12-01T21:42:13
================================================================================
[2025-12-01T21:43:13.336+0000] {manager.py:878} INFO - 
================================================================================
DAG File Processing Stats

File Path                     PID    Runtime      # DAGs    # Errors  Last Runtime    Last Run
----------------------------  -----  ---------  --------  ----------  --------------  -------------------
/opt/airflow/dags/airflow.py                           0           1  0.16s           2025-12-01T21:42:44
================================================================================
[2025-12-01T21:43:43.619+0000] {manager.py:878} INFO - 
================================================================================
DAG File Processing Stats

File Path                     PID    Runtime      # DAGs    # Errors  Last Runtime    Last Run
----------------------------  -----  ---------  --------  ----------  --------------  -------------------
/opt/airflow/dags/airflow.py                           0           1  0.14s           2025-12-01T21:43:14
================================================================================
[2025-12-01T21:44:13.939+0000] {manager.py:878} INFO - 
================================================================================
DAG File Processing Stats

File Path                     PID    Runtime      # DAGs    # Errors  Last Runtime    Last Run
----------------------------  -----  ---------  --------  ----------  --------------  -------------------
/opt/airflow/dags/airflow.py                           0           1  0.14s           2025-12-01T21:43:44
================================================================================
[2025-12-01T21:44:44.199+0000] {manager.py:878} INFO - 
================================================================================
DAG File Processing Stats

File Path                     PID    Runtime      # DAGs    # Errors  Last Runtime    Last Run
----------------------------  -----  ---------  --------  ----------  --------------  -------------------
/opt/airflow/dags/airflow.py                           0           1  0.31s           2025-12-01T21:44:15
================================================================================
[2025-12-01T21:45:14.798+0000] {manager.py:878} INFO - 
================================================================================
DAG File Processing Stats

File Path                     PID    Runtime      # DAGs    # Errors  Last Runtime    Last Run
----------------------------  -----  ---------  --------  ----------  --------------  -------------------
/opt/airflow/dags/airflow.py                           0           1  0.16s           2025-12-01T21:44:45
================================================================================
[2025-12-01T21:45:45.123+0000] {manager.py:878} INFO - 
================================================================================
DAG File Processing Stats

File Path                     PID    Runtime      # DAGs    # Errors  Last Runtime    Last Run
----------------------------  -----  ---------  --------  ----------  --------------  -------------------
/opt/airflow/dags/airflow.py                           0           1  0.18s           2025-12-01T21:45:15
================================================================================
[2025-12-01T21:46:15.393+0000] {manager.py:878} INFO - 
================================================================================
DAG File Processing Stats

File Path                     PID    Runtime      # DAGs    # Errors  Last Runtime    Last Run
----------------------------  -----  ---------  --------  ----------  --------------  -------------------
/opt/airflow/dags/airflow.py                           0           1  0.18s           2025-12-01T21:45:46
================================================================================
[2025-12-01T21:46:42.724+0000] {manager.py:737} INFO - Searching for files in /opt/airflow/dags
[2025-12-01T21:46:42.734+0000] {manager.py:740} INFO - There are 1 files in /opt/airflow/dags
[2025-12-01T21:46:45.768+0000] {manager.py:878} INFO - 
================================================================================
DAG File Processing Stats

File Path                     PID    Runtime      # DAGs    # Errors  Last Runtime    Last Run
----------------------------  -----  ---------  --------  ----------  --------------  -------------------
/opt/airflow/dags/airflow.py                           0           1  0.22s           2025-12-01T21:46:16
================================================================================
[2025-12-01T21:47:16.051+0000] {manager.py:878} INFO - 
================================================================================
DAG File Processing Stats

File Path                     PID    Runtime      # DAGs    # Errors  Last Runtime    Last Run
----------------------------  -----  ---------  --------  ----------  --------------  -------------------
/opt/airflow/dags/airflow.py                           0           1  0.17s           2025-12-01T21:46:46
================================================================================
[2025-12-01T21:47:46.341+0000] {manager.py:878} INFO - 
================================================================================
DAG File Processing Stats

File Path                     PID    Runtime      # DAGs    # Errors  Last Runtime    Last Run
----------------------------  -----  ---------  --------  ----------  --------------  -------------------
/opt/airflow/dags/airflow.py                           0           1  0.30s           2025-12-01T21:47:17
================================================================================
[2025-12-01T21:48:16.818+0000] {manager.py:878} INFO - 
================================================================================
DAG File Processing Stats

File Path                     PID    Runtime      # DAGs    # Errors  Last Runtime    Last Run
----------------------------  -----  ---------  --------  ----------  --------------  -------------------
/opt/airflow/dags/airflow.py                           0           1  0.25s           2025-12-01T21:47:47
================================================================================
[2025-12-01T21:48:47.265+0000] {manager.py:878} INFO - 
================================================================================
DAG File Processing Stats

File Path                     PID    Runtime      # DAGs    # Errors  Last Runtime    Last Run
----------------------------  -----  ---------  --------  ----------  --------------  -------------------
/opt/airflow/dags/airflow.py                           0           1  0.20s           2025-12-01T21:48:18
================================================================================
[2025-12-01T21:49:17.513+0000] {manager.py:878} INFO - 
================================================================================
DAG File Processing Stats

File Path                     PID    Runtime      # DAGs    # Errors  Last Runtime    Last Run
----------------------------  -----  ---------  --------  ----------  --------------  -------------------
/opt/airflow/dags/airflow.py                           0           1  0.20s           2025-12-01T21:48:48
================================================================================
[2025-12-01T21:49:47.748+0000] {manager.py:878} INFO - 
================================================================================
DAG File Processing Stats

File Path                     PID    Runtime      # DAGs    # Errors  Last Runtime    Last Run
----------------------------  -----  ---------  --------  ----------  --------------  -------------------
/opt/airflow/dags/airflow.py                           0           1  0.17s           2025-12-01T21:49:18
================================================================================
[2025-12-01T21:50:18.156+0000] {manager.py:878} INFO - 
================================================================================
DAG File Processing Stats

File Path                     PID    Runtime      # DAGs    # Errors  Last Runtime    Last Run
----------------------------  -----  ---------  --------  ----------  --------------  -------------------
/opt/airflow/dags/airflow.py                           0           1  0.19s           2025-12-01T21:49:48
================================================================================
[2025-12-01T21:50:19.922+0000] {manager.py:452} INFO - Exiting gracefully upon receiving signal 15
[2025-12-01T21:50:56.082+0000] {manager.py:470} INFO - Processing files using up to 2 processes at a time 
[2025-12-01T21:50:56.082+0000] {manager.py:471} INFO - Process each file at most once every 30 seconds
[2025-12-01T21:50:56.083+0000] {manager.py:472} INFO - Checking for new files in /opt/airflow/dags every 300 seconds
[2025-12-01T21:50:56.083+0000] {manager.py:737} INFO - Searching for files in /opt/airflow/dags
[2025-12-01T21:50:56.089+0000] {manager.py:740} INFO - There are 1 files in /opt/airflow/dags
[2025-12-01T21:50:56.139+0000] {manager.py:878} INFO - 
================================================================================
DAG File Processing Stats

File Path                       PID  Runtime      # DAGs    # Errors  Last Runtime    Last Run
----------------------------  -----  ---------  --------  ----------  --------------  ----------
/opt/airflow/dags/airflow.py     78  0.02s             0           0
================================================================================
[2025-12-01T21:51:26.320+0000] {manager.py:878} INFO - 
================================================================================
DAG File Processing Stats

File Path                     PID    Runtime      # DAGs    # Errors  Last Runtime    Last Run
----------------------------  -----  ---------  --------  ----------  --------------  -------------------
/opt/airflow/dags/airflow.py                           1           0  1.47s           2025-12-01T21:50:57
================================================================================
[2025-12-01T21:51:56.521+0000] {manager.py:878} INFO - 
================================================================================
DAG File Processing Stats

File Path                     PID    Runtime      # DAGs    # Errors  Last Runtime    Last Run
----------------------------  -----  ---------  --------  ----------  --------------  -------------------
/opt/airflow/dags/airflow.py                           1           0  0.62s           2025-12-01T21:51:28
================================================================================
[2025-12-01T21:52:26.746+0000] {manager.py:878} INFO - 
================================================================================
DAG File Processing Stats

File Path                     PID    Runtime      # DAGs    # Errors  Last Runtime    Last Run
----------------------------  -----  ---------  --------  ----------  --------------  -------------------
/opt/airflow/dags/airflow.py                           1           0  0.63s           2025-12-01T21:51:59
================================================================================
[2025-12-01T21:52:56.968+0000] {manager.py:878} INFO - 
================================================================================
DAG File Processing Stats

File Path                     PID    Runtime      # DAGs    # Errors  Last Runtime    Last Run
----------------------------  -----  ---------  --------  ----------  --------------  -------------------
/opt/airflow/dags/airflow.py                           1           0  0.51s           2025-12-01T21:52:29
================================================================================
[2025-12-01T21:53:27.257+0000] {manager.py:878} INFO - 
================================================================================
DAG File Processing Stats

File Path                     PID    Runtime      # DAGs    # Errors  Last Runtime    Last Run
----------------------------  -----  ---------  --------  ----------  --------------  -------------------
/opt/airflow/dags/airflow.py                           1           0  0.53s           2025-12-01T21:53:00
================================================================================
[2025-12-01T21:53:57.485+0000] {manager.py:878} INFO - 
================================================================================
DAG File Processing Stats

File Path                     PID    Runtime      # DAGs    # Errors  Last Runtime    Last Run
----------------------------  -----  ---------  --------  ----------  --------------  -------------------
/opt/airflow/dags/airflow.py                           1           0  0.55s           2025-12-01T21:53:31
================================================================================
[2025-12-01T21:54:27.697+0000] {manager.py:878} INFO - 
================================================================================
DAG File Processing Stats

File Path                     PID    Runtime      # DAGs    # Errors  Last Runtime    Last Run
----------------------------  -----  ---------  --------  ----------  --------------  -------------------
/opt/airflow/dags/airflow.py                           1           0  0.55s           2025-12-01T21:54:02
================================================================================
[2025-12-01T21:54:57.959+0000] {manager.py:878} INFO - 
================================================================================
DAG File Processing Stats

File Path                     PID    Runtime      # DAGs    # Errors  Last Runtime    Last Run
----------------------------  -----  ---------  --------  ----------  --------------  -------------------
/opt/airflow/dags/airflow.py                           1           0  0.53s           2025-12-01T21:54:32
================================================================================
[2025-12-01T21:55:28.205+0000] {manager.py:878} INFO - 
================================================================================
DAG File Processing Stats

File Path                     PID    Runtime      # DAGs    # Errors  Last Runtime    Last Run
----------------------------  -----  ---------  --------  ----------  --------------  -------------------
/opt/airflow/dags/airflow.py                           1           0  0.64s           2025-12-01T21:55:03
================================================================================
[2025-12-01T21:55:56.412+0000] {manager.py:737} INFO - Searching for files in /opt/airflow/dags
[2025-12-01T21:55:56.426+0000] {manager.py:740} INFO - There are 1 files in /opt/airflow/dags
[2025-12-01T21:55:58.457+0000] {manager.py:878} INFO - 
================================================================================
DAG File Processing Stats

File Path                     PID    Runtime      # DAGs    # Errors  Last Runtime    Last Run
----------------------------  -----  ---------  --------  ----------  --------------  -------------------
/opt/airflow/dags/airflow.py                           1           0  0.51s           2025-12-01T21:55:34
================================================================================
[2025-12-01T21:56:28.693+0000] {manager.py:878} INFO - 
================================================================================
DAG File Processing Stats

File Path                     PID    Runtime      # DAGs    # Errors  Last Runtime    Last Run
----------------------------  -----  ---------  --------  ----------  --------------  -------------------
/opt/airflow/dags/airflow.py                           1           0  0.67s           2025-12-01T21:56:05
================================================================================
[2025-12-01T21:56:58.914+0000] {manager.py:878} INFO - 
================================================================================
DAG File Processing Stats

File Path                     PID    Runtime      # DAGs    # Errors  Last Runtime    Last Run
----------------------------  -----  ---------  --------  ----------  --------------  -------------------
/opt/airflow/dags/airflow.py                           1           0  0.53s           2025-12-01T21:56:35
================================================================================
[2025-12-01T21:57:29.334+0000] {manager.py:878} INFO - 
================================================================================
DAG File Processing Stats

File Path                     PID    Runtime      # DAGs    # Errors  Last Runtime    Last Run
----------------------------  -----  ---------  --------  ----------  --------------  -------------------
/opt/airflow/dags/airflow.py                           1           0  0.64s           2025-12-01T21:57:06
================================================================================
[2025-12-01T21:57:59.629+0000] {manager.py:878} INFO - 
================================================================================
DAG File Processing Stats

File Path                     PID    Runtime      # DAGs    # Errors  Last Runtime    Last Run
----------------------------  -----  ---------  --------  ----------  --------------  -------------------
/opt/airflow/dags/airflow.py                           1           0  0.62s           2025-12-01T21:57:37
================================================================================
[2025-12-01T21:58:29.853+0000] {manager.py:878} INFO - 
================================================================================
DAG File Processing Stats

File Path                     PID    Runtime      # DAGs    # Errors  Last Runtime    Last Run
----------------------------  -----  ---------  --------  ----------  --------------  -------------------
/opt/airflow/dags/airflow.py                           1           0  0.63s           2025-12-01T21:58:08
================================================================================
[2025-12-01T21:58:56.411+0000] {manager.py:452} INFO - Exiting gracefully upon receiving signal 15
[2025-12-01T21:59:32.563+0000] {manager.py:470} INFO - Processing files using up to 2 processes at a time 
[2025-12-01T21:59:32.564+0000] {manager.py:471} INFO - Process each file at most once every 30 seconds
[2025-12-01T21:59:32.564+0000] {manager.py:472} INFO - Checking for new files in /opt/airflow/dags every 300 seconds
[2025-12-01T21:59:32.564+0000] {manager.py:737} INFO - Searching for files in /opt/airflow/dags
[2025-12-01T21:59:32.573+0000] {manager.py:740} INFO - There are 1 files in /opt/airflow/dags
[2025-12-01T21:59:32.656+0000] {manager.py:878} INFO - 
================================================================================
DAG File Processing Stats

File Path                       PID  Runtime      # DAGs    # Errors  Last Runtime    Last Run
----------------------------  -----  ---------  --------  ----------  --------------  ----------
/opt/airflow/dags/airflow.py     79  0.04s             0           0
================================================================================
[2025-12-01T22:00:02.839+0000] {manager.py:878} INFO - 
================================================================================
DAG File Processing Stats

File Path                     PID    Runtime      # DAGs    # Errors  Last Runtime    Last Run
----------------------------  -----  ---------  --------  ----------  --------------  -------------------
/opt/airflow/dags/airflow.py                           1           0  1.29s           2025-12-01T21:59:33
================================================================================
[2025-12-01T22:00:32.982+0000] {manager.py:878} INFO - 
================================================================================
DAG File Processing Stats

File Path                     PID    Runtime      # DAGs    # Errors  Last Runtime    Last Run
----------------------------  -----  ---------  --------  ----------  --------------  -------------------
/opt/airflow/dags/airflow.py                           1           0  0.62s           2025-12-01T22:00:04
================================================================================
[2025-12-01T22:01:03.592+0000] {manager.py:878} INFO - 
================================================================================
DAG File Processing Stats

File Path                     PID    Runtime      # DAGs    # Errors  Last Runtime    Last Run
----------------------------  -----  ---------  --------  ----------  --------------  -------------------
/opt/airflow/dags/airflow.py                           1           0  0.50s           2025-12-01T22:00:35
================================================================================
[2025-12-01T22:01:33.867+0000] {manager.py:878} INFO - 
================================================================================
DAG File Processing Stats

File Path                     PID    Runtime      # DAGs    # Errors  Last Runtime    Last Run
----------------------------  -----  ---------  --------  ----------  --------------  -------------------
/opt/airflow/dags/airflow.py                           1           0  0.65s           2025-12-01T22:01:06
================================================================================
[2025-12-01T22:02:04.101+0000] {manager.py:878} INFO - 
================================================================================
DAG File Processing Stats

File Path                     PID    Runtime      # DAGs    # Errors  Last Runtime    Last Run
----------------------------  -----  ---------  --------  ----------  --------------  -------------------
/opt/airflow/dags/airflow.py                           1           0  0.56s           2025-12-01T22:01:37
================================================================================
[2025-12-01T22:02:34.505+0000] {manager.py:878} INFO - 
================================================================================
DAG File Processing Stats

File Path                     PID    Runtime      # DAGs    # Errors  Last Runtime    Last Run
----------------------------  -----  ---------  --------  ----------  --------------  -------------------
/opt/airflow/dags/airflow.py                           1           0  0.65s           2025-12-01T22:02:07
================================================================================
[2025-12-01T22:03:04.729+0000] {manager.py:878} INFO - 
================================================================================
DAG File Processing Stats

File Path                     PID    Runtime      # DAGs    # Errors  Last Runtime    Last Run
----------------------------  -----  ---------  --------  ----------  --------------  -------------------
/opt/airflow/dags/airflow.py                           1           0  0.51s           2025-12-01T22:02:38
================================================================================
[2025-12-01T22:03:35.463+0000] {manager.py:878} INFO - 
================================================================================
DAG File Processing Stats

File Path                     PID    Runtime      # DAGs    # Errors  Last Runtime    Last Run
----------------------------  -----  ---------  --------  ----------  --------------  -------------------
/opt/airflow/dags/airflow.py                           1           0  0.55s           2025-12-01T22:03:09
================================================================================
[2025-12-01T22:04:05.684+0000] {manager.py:878} INFO - 
================================================================================
DAG File Processing Stats

File Path                     PID    Runtime      # DAGs    # Errors  Last Runtime    Last Run
----------------------------  -----  ---------  --------  ----------  --------------  -------------------
/opt/airflow/dags/airflow.py                           1           0  0.58s           2025-12-01T22:03:40
================================================================================
[2025-12-01T22:04:32.901+0000] {manager.py:737} INFO - Searching for files in /opt/airflow/dags
[2025-12-01T22:04:32.920+0000] {manager.py:740} INFO - There are 1 files in /opt/airflow/dags
[2025-12-01T22:04:35.955+0000] {manager.py:878} INFO - 
================================================================================
DAG File Processing Stats

File Path                     PID    Runtime      # DAGs    # Errors  Last Runtime    Last Run
----------------------------  -----  ---------  --------  ----------  --------------  -------------------
/opt/airflow/dags/airflow.py                           1           0  0.59s           2025-12-01T22:04:10
================================================================================
[2025-12-01T22:05:06.279+0000] {manager.py:878} INFO - 
================================================================================
DAG File Processing Stats

File Path                     PID    Runtime      # DAGs    # Errors  Last Runtime    Last Run
----------------------------  -----  ---------  --------  ----------  --------------  -------------------
/opt/airflow/dags/airflow.py                           1           0  0.62s           2025-12-01T22:04:41
================================================================================
[2025-12-01T22:05:36.545+0000] {manager.py:878} INFO - 
================================================================================
DAG File Processing Stats

File Path                     PID    Runtime      # DAGs    # Errors  Last Runtime    Last Run
----------------------------  -----  ---------  --------  ----------  --------------  -------------------
/opt/airflow/dags/airflow.py                           1           0  0.56s           2025-12-01T22:05:12
================================================================================
[2025-12-01T22:06:06.822+0000] {manager.py:878} INFO - 
================================================================================
DAG File Processing Stats

File Path                     PID    Runtime      # DAGs    # Errors  Last Runtime    Last Run
----------------------------  -----  ---------  --------  ----------  --------------  -------------------
/opt/airflow/dags/airflow.py                           1           0  0.58s           2025-12-01T22:05:43
================================================================================
[2025-12-01T22:06:37.053+0000] {manager.py:878} INFO - 
================================================================================
DAG File Processing Stats

File Path                     PID    Runtime      # DAGs    # Errors  Last Runtime    Last Run
----------------------------  -----  ---------  --------  ----------  --------------  -------------------
/opt/airflow/dags/airflow.py                           1           0  0.58s           2025-12-01T22:06:14
================================================================================
[2025-12-01T22:07:07.397+0000] {manager.py:878} INFO - 
================================================================================
DAG File Processing Stats

File Path                     PID    Runtime      # DAGs    # Errors  Last Runtime    Last Run
----------------------------  -----  ---------  --------  ----------  --------------  -------------------
/opt/airflow/dags/airflow.py                           1           0  0.55s           2025-12-01T22:06:44
================================================================================
[2025-12-01T22:07:37.651+0000] {manager.py:878} INFO - 
================================================================================
DAG File Processing Stats

File Path                     PID    Runtime      # DAGs    # Errors  Last Runtime    Last Run
----------------------------  -----  ---------  --------  ----------  --------------  -------------------
/opt/airflow/dags/airflow.py                           1           0  0.72s           2025-12-01T22:07:15
================================================================================
[2025-12-01T22:08:08.008+0000] {manager.py:878} INFO - 
================================================================================
DAG File Processing Stats

File Path                     PID    Runtime      # DAGs    # Errors  Last Runtime    Last Run
----------------------------  -----  ---------  --------  ----------  --------------  -------------------
/opt/airflow/dags/airflow.py                           1           0  0.61s           2025-12-01T22:07:46
================================================================================
[2025-12-01T22:08:38.284+0000] {manager.py:878} INFO - 
================================================================================
DAG File Processing Stats

File Path                     PID    Runtime      # DAGs    # Errors  Last Runtime    Last Run
----------------------------  -----  ---------  --------  ----------  --------------  -------------------
/opt/airflow/dags/airflow.py                           1           0  0.54s           2025-12-01T22:08:17
================================================================================
[2025-12-01T22:09:08.545+0000] {manager.py:878} INFO - 
================================================================================
DAG File Processing Stats

File Path                     PID    Runtime      # DAGs    # Errors  Last Runtime    Last Run
----------------------------  -----  ---------  --------  ----------  --------------  -------------------
/opt/airflow/dags/airflow.py                           1           0  0.59s           2025-12-01T22:08:47
================================================================================
[2025-12-01T22:09:32.928+0000] {manager.py:737} INFO - Searching for files in /opt/airflow/dags
[2025-12-01T22:09:32.937+0000] {manager.py:740} INFO - There are 1 files in /opt/airflow/dags
[2025-12-01T22:09:38.776+0000] {manager.py:878} INFO - 
================================================================================
DAG File Processing Stats

File Path                     PID    Runtime      # DAGs    # Errors  Last Runtime    Last Run
----------------------------  -----  ---------  --------  ----------  --------------  -------------------
/opt/airflow/dags/airflow.py                           1           0  0.64s           2025-12-01T22:09:18
================================================================================
[2025-12-01T22:10:09.185+0000] {manager.py:878} INFO - 
================================================================================
DAG File Processing Stats

File Path                     PID    Runtime      # DAGs    # Errors  Last Runtime    Last Run
----------------------------  -----  ---------  --------  ----------  --------------  -------------------
/opt/airflow/dags/airflow.py                           1           0  0.51s           2025-12-01T22:09:49
================================================================================
[2025-12-01T22:10:39.360+0000] {manager.py:878} INFO - 
================================================================================
DAG File Processing Stats

File Path                     PID    Runtime      # DAGs    # Errors  Last Runtime    Last Run
----------------------------  -----  ---------  --------  ----------  --------------  -------------------
/opt/airflow/dags/airflow.py                           1           0  0.58s           2025-12-01T22:10:20
================================================================================
[2025-12-01T22:11:10.053+0000] {manager.py:878} INFO - 
================================================================================
DAG File Processing Stats

File Path                     PID    Runtime      # DAGs    # Errors  Last Runtime    Last Run
----------------------------  -----  ---------  --------  ----------  --------------  -------------------
/opt/airflow/dags/airflow.py                           1           0  0.51s           2025-12-01T22:10:50
================================================================================
[2025-12-01T22:11:40.336+0000] {manager.py:878} INFO - 
================================================================================
DAG File Processing Stats

File Path                     PID    Runtime      # DAGs    # Errors  Last Runtime    Last Run
----------------------------  -----  ---------  --------  ----------  --------------  -------------------
/opt/airflow/dags/airflow.py                           1           0  0.69s           2025-12-01T22:11:21
================================================================================
[2025-12-01T22:12:10.567+0000] {manager.py:878} INFO - 
================================================================================
DAG File Processing Stats

File Path                     PID    Runtime      # DAGs    # Errors  Last Runtime    Last Run
----------------------------  -----  ---------  --------  ----------  --------------  -------------------
/opt/airflow/dags/airflow.py                           1           0  0.69s           2025-12-01T22:11:52
================================================================================
